0 info it worked if it ends with ok
1 verbose cli [ 'C:\\Program Files\\nodejs\\node.exe',
1 verbose cli   'C:\\Program Files\\nodejs\\node_modules\\npm\\bin\\npm-cli.js',
1 verbose cli   'install',
1 verbose cli   '--save',
1 verbose cli   'ngStorage' ]
2 info using npm@2.15.9
3 info using node@v4.6.0
4 verbose install initial load of c:\safDev\gitRepo\issueManager\issueManager-website\web\package.json
5 warn package.json web@1.0.0 No description
6 warn package.json web@1.0.0 No repository field.
7 warn package.json web@1.0.0 No README data
8 verbose installManyTop reading scoped package data from c:\safDev\gitRepo\issueManager\issueManager-website\web\node_modules\add-stream\package.json
9 verbose installManyTop reading scoped package data from c:\safDev\gitRepo\issueManager\issueManager-website\web\node_modules\bower\package.json
10 verbose installManyTop reading scoped package data from c:\safDev\gitRepo\issueManager\issueManager-website\web\node_modules\browser-sync\package.json
11 verbose installManyTop reading scoped package data from c:\safDev\gitRepo\issueManager\issueManager-website\web\node_modules\color-name\package.json
12 verbose installManyTop reading scoped package data from c:\safDev\gitRepo\issueManager\issueManager-website\web\node_modules\del\package.json
13 verbose installManyTop reading scoped package data from c:\safDev\gitRepo\issueManager\issueManager-website\web\node_modules\gulp\package.json
14 verbose installManyTop reading scoped package data from c:\safDev\gitRepo\issueManager\issueManager-website\web\node_modules\gulp-angular-embed-templates\package.json
15 verbose installManyTop reading scoped package data from c:\safDev\gitRepo\issueManager\issueManager-website\web\node_modules\gulp-angular-templatecache\package.json
16 verbose installManyTop reading scoped package data from c:\safDev\gitRepo\issueManager\issueManager-website\web\node_modules\gulp-concat\package.json
17 verbose installManyTop reading scoped package data from c:\safDev\gitRepo\issueManager\issueManager-website\web\node_modules\gulp-concat-css\package.json
18 verbose installManyTop reading scoped package data from c:\safDev\gitRepo\issueManager\issueManager-website\web\node_modules\gulp-filter\package.json
19 verbose installManyTop reading scoped package data from c:\safDev\gitRepo\issueManager\issueManager-website\web\node_modules\gulp-flatten\package.json
20 verbose installManyTop reading scoped package data from c:\safDev\gitRepo\issueManager\issueManager-website\web\node_modules\gulp-inject\package.json
21 verbose installManyTop reading scoped package data from c:\safDev\gitRepo\issueManager\issueManager-website\web\node_modules\gulp-less\package.json
22 verbose installManyTop reading scoped package data from c:\safDev\gitRepo\issueManager\issueManager-website\web\node_modules\gulp-livereload\package.json
23 verbose installManyTop reading scoped package data from c:\safDev\gitRepo\issueManager\issueManager-website\web\node_modules\gulp-minify-css\package.json
24 verbose installManyTop reading scoped package data from c:\safDev\gitRepo\issueManager\issueManager-website\web\node_modules\gulp-minify-html\package.json
25 verbose installManyTop reading scoped package data from c:\safDev\gitRepo\issueManager\issueManager-website\web\node_modules\gulp-notify\package.json
26 verbose installManyTop reading scoped package data from c:\safDev\gitRepo\issueManager\issueManager-website\web\node_modules\gulp-order\package.json
27 verbose installManyTop reading scoped package data from c:\safDev\gitRepo\issueManager\issueManager-website\web\node_modules\gulp-rename\package.json
28 verbose installManyTop reading scoped package data from c:\safDev\gitRepo\issueManager\issueManager-website\web\node_modules\gulp-rev\package.json
29 verbose installManyTop reading scoped package data from c:\safDev\gitRepo\issueManager\issueManager-website\web\node_modules\gulp-ruby-sass\package.json
30 verbose installManyTop reading scoped package data from c:\safDev\gitRepo\issueManager\issueManager-website\web\node_modules\gulp-run-sequence\package.json
31 verbose installManyTop reading scoped package data from c:\safDev\gitRepo\issueManager\issueManager-website\web\node_modules\gulp-sass\package.json
32 verbose installManyTop reading scoped package data from c:\safDev\gitRepo\issueManager\issueManager-website\web\node_modules\gulp-sourcemaps\package.json
33 verbose installManyTop reading scoped package data from c:\safDev\gitRepo\issueManager\issueManager-website\web\node_modules\gulp-uglify\package.json
34 verbose installManyTop reading scoped package data from c:\safDev\gitRepo\issueManager\issueManager-website\web\node_modules\gulp-usemin\package.json
35 verbose installManyTop reading scoped package data from c:\safDev\gitRepo\issueManager\issueManager-website\web\node_modules\gulp-util\package.json
36 verbose installManyTop reading scoped package data from c:\safDev\gitRepo\issueManager\issueManager-website\web\node_modules\main-bower-files\package.json
37 verbose installManyTop reading scoped package data from c:\safDev\gitRepo\issueManager\issueManager-website\web\node_modules\rimraf\package.json
38 verbose installManyTop reading scoped package data from c:\safDev\gitRepo\issueManager\issueManager-website\web\node_modules\wiredep\package.json
39 info package.json gulp-minify-css@1.2.4 No repository field.
40 info package.json gulp-minify-html@1.0.6 No repository field.
41 info package.json gulp-rename@1.2.2 No license field.
42 info package.json gulp-run-sequence@0.3.2 No license field.
43 info package.json gulp-concat-css@2.3.0 No license field.
44 info package.json gulp-notify@2.2.0 No license field.
45 info package.json gulp-order@1.1.1 license should be a valid SPDX license expression
46 verbose readDependencies loading dependencies from c:\safDev\gitRepo\issueManager\issueManager-website\web\package.json
47 silly cache add args [ 'ngStorage', null ]
48 verbose cache add spec ngStorage
49 silly cache add parsed spec Result {
49 silly cache add   raw: 'ngStorage',
49 silly cache add   scope: null,
49 silly cache add   name: 'ngStorage',
49 silly cache add   rawSpec: '',
49 silly cache add   spec: 'latest',
49 silly cache add   type: 'tag' }
50 silly addNamed ngStorage@latest
51 verbose addNamed "latest" is being treated as a dist-tag for ngStorage
52 info addNameTag [ 'ngStorage', 'latest' ]
53 silly mapToRegistry name ngStorage
54 silly mapToRegistry using default registry
55 silly mapToRegistry registry https://registry.npmjs.org/
56 silly mapToRegistry data Result {
56 silly mapToRegistry   raw: 'ngStorage',
56 silly mapToRegistry   scope: null,
56 silly mapToRegistry   name: 'ngStorage',
56 silly mapToRegistry   rawSpec: '',
56 silly mapToRegistry   spec: 'latest',
56 silly mapToRegistry   type: 'tag' }
57 silly mapToRegistry uri https://registry.npmjs.org/ngStorage
58 verbose addNameTag registry:https://registry.npmjs.org/ngStorage not in flight; fetching
59 verbose request uri https://registry.npmjs.org/ngStorage
60 verbose request no auth needed
61 info attempt registry request try #1 at 00:34:06
62 verbose request id 68960d531566e4d9
63 http request GET https://registry.npmjs.org/ngStorage
64 http 404 https://registry.npmjs.org/ngStorage
65 verbose headers { 'content-type': 'application/json',
65 verbose headers   'cache-control': 'max-age=0',
65 verbose headers   'content-length': '2',
65 verbose headers   'accept-ranges': 'bytes',
65 verbose headers   date: 'Sun, 06 Nov 2016 23:33:54 GMT',
65 verbose headers   via: '1.1 varnish',
65 verbose headers   age: '0',
65 verbose headers   connection: 'keep-alive',
65 verbose headers   'x-served-by': 'cache-cdg8729-CDG',
65 verbose headers   'x-cache': 'MISS',
65 verbose headers   'x-cache-hits': '0',
65 verbose headers   'x-timer': 'S1478475233.353515,VS0,VE675',
65 verbose headers   vary: 'Accept-Encoding' }
66 silly get cb [ 404,
66 silly get   { 'content-type': 'application/json',
66 silly get     'cache-control': 'max-age=0',
66 silly get     'content-length': '2',
66 silly get     'accept-ranges': 'bytes',
66 silly get     date: 'Sun, 06 Nov 2016 23:33:54 GMT',
66 silly get     via: '1.1 varnish',
66 silly get     age: '0',
66 silly get     connection: 'keep-alive',
66 silly get     'x-served-by': 'cache-cdg8729-CDG',
66 silly get     'x-cache': 'MISS',
66 silly get     'x-cache-hits': '0',
66 silly get     'x-timer': 'S1478475233.353515,VS0,VE675',
66 silly get     vary: 'Accept-Encoding' } ]
67 verbose stack Error: Registry returned 404 for GET on https://registry.npmjs.org/ngStorage
67 verbose stack     at makeError (C:\Program Files\nodejs\node_modules\npm\node_modules\npm-registry-client\lib\request.js:264:12)
67 verbose stack     at CachingRegistryClient.<anonymous> (C:\Program Files\nodejs\node_modules\npm\node_modules\npm-registry-client\lib\request.js:242:14)
67 verbose stack     at Request._callback (C:\Program Files\nodejs\node_modules\npm\node_modules\npm-registry-client\lib\request.js:172:14)
67 verbose stack     at Request.self.callback (C:\Program Files\nodejs\node_modules\npm\node_modules\request\request.js:200:22)
67 verbose stack     at emitTwo (events.js:87:13)
67 verbose stack     at Request.emit (events.js:172:7)
67 verbose stack     at Request.<anonymous> (C:\Program Files\nodejs\node_modules\npm\node_modules\request\request.js:1067:10)
67 verbose stack     at emitOne (events.js:82:20)
67 verbose stack     at Request.emit (events.js:169:7)
67 verbose stack     at IncomingMessage.<anonymous> (C:\Program Files\nodejs\node_modules\npm\node_modules\request\request.js:988:12)
68 verbose statusCode 404
69 verbose pkgid ngStorage
70 verbose cwd c:\safDev\gitRepo\issueManager\issueManager-website\web
71 error Windows_NT 6.1.7600
72 error argv "C:\\Program Files\\nodejs\\node.exe" "C:\\Program Files\\nodejs\\node_modules\\npm\\bin\\npm-cli.js" "install" "--save" "ngStorage"
73 error node v4.6.0
74 error npm  v2.15.9
75 error code E404
76 error 404 Registry returned 404 for GET on https://registry.npmjs.org/ngStorage
76 error 404
76 error 404 'ngStorage' is not in the npm registry.
76 error 404 Your package name is not valid, because
76 error 404
76 error 404  1. name can no longer contain capital letters
76 error 404 It was specified as a dependency of 'web'
76 error 404
76 error 404 Note that you can also install from a
76 error 404 tarball, folder, http url, or git url.
77 verbose exit [ 1, true ]
